<?xml version="1.0" encoding="UTF-8"?>
<!-- Generated by org.testng.reporters.JUnitReportReporter -->
<testsuite hostname="LavsLaptop" failures="0" tests="1" name="testCases.TC_001_Account_Registration" time="4.376" errors="0" timestamp="2023-11-07T22:39:38 GMT" skipped="0">
  <testcase classname="testCases.TC_001_Account_Registration" name="test_account_Registration" time="4.376"/>
</testsuite> <!-- testCases.TC_001_Account_Registration -->
