<?xml version="1.0" encoding="UTF-8"?>
<!-- Generated by org.testng.reporters.JUnitReportReporter -->
<testsuite hostname="LavsLaptop" failures="0" tests="1" name="testCases.TC_002_LoginTest" time="1.105" errors="0" timestamp="2023-11-08T09:27:09 GMT" skipped="0">
  <testcase classname="testCases.TC_002_LoginTest" name="test_login" time="1.105"/>
</testsuite> <!-- testCases.TC_002_LoginTest -->
